[2025-10-13 05:32:59.331] [jointLog] [info] setting maxHashResizeThreads to 4
[2025-10-13 05:32:59.331] [jointLog] [info] Fragment incompatibility prior below threshold.  Incompatible fragments will be ignored.
[2025-10-13 05:32:59.331] [jointLog] [info] Usage of --validateMappings implies use of minScoreFraction. Since not explicitly specified, it is being set to 0.65
[2025-10-13 05:32:59.331] [jointLog] [info] Setting consensusSlack to selective-alignment default of 0.35.
[2025-10-13 05:32:59.331] [jointLog] [info] parsing read library format
[2025-10-13 05:32:59.331] [jointLog] [info] There is 1 library.
[2025-10-13 05:32:59.365] [jointLog] [info] Loading pufferfish index
[2025-10-13 05:32:59.365] [jointLog] [info] Loading dense pufferfish index.
[2025-10-13 05:32:59.374] [jointLog] [info] done
[2025-10-13 05:32:59.374] [jointLog] [info] Index contained 1 targets
[2025-10-13 05:32:59.374] [jointLog] [info] Number of decoys : 0
[2025-10-13 05:32:59.999] [jointLog] [info] Automatically detected most likely library type as IU

[2025-10-13 05:33:55.471] [fileLog] [info] 
At end of round 0
==================
Observed 6009663 total fragments (6009663 in most recent round)

[2025-10-13 05:33:55.471] [jointLog] [info] Computed 1 rich equivalence classes for further processing
[2025-10-13 05:33:55.471] [jointLog] [info] Counted 5,221,486 total reads in the equivalence classes 
[2025-10-13 05:33:55.472] [jointLog] [info] Number of mappings discarded because of alignment score : 144,074
[2025-10-13 05:33:55.472] [jointLog] [info] Number of fragments entirely discarded because of alignment score : 118,324
[2025-10-13 05:33:55.472] [jointLog] [info] Number of fragments discarded because they are best-mapped to decoys : 0
[2025-10-13 05:33:55.472] [jointLog] [info] Number of fragments discarded because they have only dovetail (discordant) mappings to valid targets : 128,588
[2025-10-13 05:33:55.472] [jointLog] [info] Mapping rate = 86.8848%

[2025-10-13 05:33:55.472] [jointLog] [info] finished quantifyLibrary()
[2025-10-13 05:33:55.472] [jointLog] [info] Starting optimizer
[2025-10-13 05:33:55.473] [jointLog] [info] Marked 0 weighted equivalence classes as degenerate
[2025-10-13 05:33:55.473] [jointLog] [info] iteration = 0 | max rel diff. = 5.35091e-16
[2025-10-13 05:33:55.473] [jointLog] [info] iteration = 100 | max rel diff. = 0
[2025-10-13 05:33:55.473] [jointLog] [info] Finished optimizer
[2025-10-13 05:33:55.473] [jointLog] [info] writing output 

