[2025-10-13 05:31:53.355] [jointLog] [info] setting maxHashResizeThreads to 4
[2025-10-13 05:31:53.355] [jointLog] [info] Fragment incompatibility prior below threshold.  Incompatible fragments will be ignored.
[2025-10-13 05:31:53.355] [jointLog] [info] Usage of --validateMappings implies use of minScoreFraction. Since not explicitly specified, it is being set to 0.65
[2025-10-13 05:31:53.355] [jointLog] [info] Setting consensusSlack to selective-alignment default of 0.35.
[2025-10-13 05:31:53.355] [jointLog] [info] parsing read library format
[2025-10-13 05:31:53.355] [jointLog] [info] There is 1 library.
[2025-10-13 05:31:53.389] [jointLog] [info] Loading pufferfish index
[2025-10-13 05:31:53.389] [jointLog] [info] Loading dense pufferfish index.
[2025-10-13 05:31:53.396] [jointLog] [info] done
[2025-10-13 05:31:53.396] [jointLog] [info] Index contained 1 targets
[2025-10-13 05:31:53.396] [jointLog] [info] Number of decoys : 0
[2025-10-13 05:31:54.053] [jointLog] [info] Automatically detected most likely library type as IU

[2025-10-13 05:32:26.230] [jointLog] [info] Computed 1 rich equivalence classes for further processing
[2025-10-13 05:32:26.230] [jointLog] [info] Counted 3,491,881 total reads in the equivalence classes 
[2025-10-13 05:32:26.231] [jointLog] [info] Number of mappings discarded because of alignment score : 102,398
[2025-10-13 05:32:26.231] [jointLog] [info] Number of fragments entirely discarded because of alignment score : 85,518
[2025-10-13 05:32:26.231] [jointLog] [info] Number of fragments discarded because they are best-mapped to decoys : 0
[2025-10-13 05:32:26.231] [jointLog] [info] Number of fragments discarded because they have only dovetail (discordant) mappings to valid targets : 83,072
[2025-10-13 05:32:26.231] [jointLog] [warning] Only 3491881 fragments were mapped, but the number of burn-in fragments was set to 5000000.
The effective lengths have been computed using the observed mappings.

[2025-10-13 05:32:26.231] [jointLog] [info] Mapping rate = 90.5066%

[2025-10-13 05:32:26.231] [jointLog] [info] finished quantifyLibrary()
[2025-10-13 05:32:26.231] [jointLog] [info] Starting optimizer
[2025-10-13 05:32:26.232] [jointLog] [info] Marked 0 weighted equivalence classes as degenerate
[2025-10-13 05:32:26.232] [jointLog] [info] iteration = 0 | max rel diff. = 6.66777e-16
[2025-10-13 05:32:26.232] [jointLog] [info] iteration = 100 | max rel diff. = 0
[2025-10-13 05:32:26.232] [jointLog] [info] Finished optimizer
[2025-10-13 05:32:26.232] [jointLog] [info] writing output 

[2025-10-13 05:32:26.230] [fileLog] [info] 
At end of round 0
==================
Observed 3858151 total fragments (3858151 in most recent round)

