[2025-09-29 01:24:13,614] multiqc                                            [DEBUG  ]  This is MultiQC v1.12
[2025-09-29 01:24:13,614] multiqc                                            [DEBUG  ]  No MultiQC config found: /usr/lib/python3/dist-packages/multiqc_config.yaml
[2025-09-29 01:24:13,614] multiqc                                            [DEBUG  ]  No MultiQC config found: /home/StudentFirst/.multiqc_config.yaml
[2025-09-29 01:24:13,614] multiqc                                            [DEBUG  ]  No MultiQC config found: multiqc_config.yaml
[2025-09-29 01:24:13,614] multiqc                                            [DEBUG  ]  Command used: /usr/bin/multiqc fastqc -o multiqc
[2025-09-29 01:24:13,934] multiqc                                            [WARNING]  MultiQC Version v1.31 now available!
[2025-09-29 01:24:13,935] multiqc                                            [DEBUG  ]  Command     : /usr/bin/multiqc fastqc -o multiqc
[2025-09-29 01:24:13,935] multiqc                                            [DEBUG  ]  Working dir : /home/StudentFirst/BIFS619/project
[2025-09-29 01:24:13,935] multiqc                                            [DEBUG  ]  Template    : default
[2025-09-29 01:24:13,935] multiqc                                            [DEBUG  ]  Running Python 3.10.12 (main, Aug 15 2025, 14:32:43) [GCC 11.4.0]
[2025-09-29 01:24:13,935] multiqc                                            [DEBUG  ]  Analysing modules: custom_content, ccs, ngsderive, purple, conpair, lima, peddy, somalier, methylQA, mosdepth, phantompeakqualtools, qualimap, preseq, quast, qorts, rna_seqc, rockhopper, rsem, rseqc, busco, bustools, goleft_indexcov, gffcompare, disambiguate, supernova, deeptools, sargasso, verifybamid, mirtrace, happy, mirtop, sambamba, homer, hops, macs2, theta2, snpeff, gatk, htseq, bcftools, featureCounts, fgbio, dragen, dedup, pbmarkdup, damageprofiler, biobambam2, jcvi, mtnucratio, picard, vep, sentieon, prokka, qc3C, nanostat, samblaster, samtools, sexdeterrmine, eigenstratdatabasetools, bamtools, jellyfish, vcftools, longranger, stacks, varscan2, snippy, bbmap, bismark, biscuit, hicexplorer, hicup, hicpro, salmon, kallisto, slamdunk, star, hisat2, tophat, bowtie2, bowtie1, snpsplit, odgi, pangolin, kat, leehom, adapterRemoval, clipandmerge, cutadapt, flexbar, kaiju, kraken, malt, trimmomatic, sickle, skewer, sortmerna, biobloomtools, fastq_screen, afterqc, fastp, fastqc, pychopper, pycoqc, minionqc, multivcfanalyzer, clusterflow, checkqc, bcl2fastq, bclconvert, interop, ivar, flash, seqyclean, optitype, whatshap
[2025-09-29 01:24:13,935] multiqc                                            [DEBUG  ]  Using temporary directory for creating report: /tmp/tmpdmrqr6pz
[2025-09-29 01:24:13,936] multiqc                                            [INFO   ]  Search path : /home/StudentFirst/BIFS619/project/fastqc
[2025-09-29 01:24:14,027] multiqc                                            [DEBUG  ]  File ignored by ccs/v4 because it exceeded search pattern filesize limit: SRR27129218_2_fastqc.html
[2025-09-29 01:24:14,027] multiqc                                            [DEBUG  ]  File ignored by hicexplorer because it exceeded search pattern filesize limit: SRR27129218_2_fastqc.html
[2025-09-29 01:24:14,028] multiqc                                            [DEBUG  ]  File ignored by lima/summary because it exceeded search pattern filesize limit: SRR27129218_2_fastqc.html
[2025-09-29 01:24:14,029] multiqc                                            [DEBUG  ]  File ignored by vep/vep_txt because it exceeded search pattern filesize limit: SRR27129218_2_fastqc.html
[2025-09-29 01:24:14,029] multiqc                                            [DEBUG  ]  File ignored by longranger/invocation because it exceeded search pattern filesize limit: SRR27129218_2_fastqc.html
[2025-09-29 01:24:14,029] multiqc                                            [DEBUG  ]  File ignored by rockhopper because it exceeded search pattern filesize limit: SRR27129218_2_fastqc.html
[2025-09-29 01:24:14,029] multiqc                                            [DEBUG  ]  File ignored by rseqc/bam_stat because it exceeded search pattern filesize limit: SRR27129218_2_fastqc.html
[2025-09-29 01:24:14,029] multiqc                                            [DEBUG  ]  File ignored by rseqc/junction_annotation because it exceeded search pattern filesize limit: SRR27129218_2_fastqc.html
[2025-09-29 01:24:14,029] multiqc                                            [DEBUG  ]  File ignored by rseqc/read_distribution because it exceeded search pattern filesize limit: SRR27129218_2_fastqc.html
[2025-09-29 01:24:14,029] multiqc                                            [DEBUG  ]  File ignored by rseqc/infer_experiment because it exceeded search pattern filesize limit: SRR27129218_2_fastqc.html
[2025-09-29 01:24:14,067] multiqc                                            [DEBUG  ]  File ignored by nanostat because it exceeded search pattern filesize limit: SRR27129218_2_fastqc.html
[2025-09-29 01:24:14,073] multiqc                                            [DEBUG  ]  File ignored by ccs/v4 because it exceeded search pattern filesize limit: SRR27129337_1_fastqc.html
[2025-09-29 01:24:14,073] multiqc                                            [DEBUG  ]  File ignored by hicexplorer because it exceeded search pattern filesize limit: SRR27129337_1_fastqc.html
[2025-09-29 01:24:14,073] multiqc                                            [DEBUG  ]  File ignored by lima/summary because it exceeded search pattern filesize limit: SRR27129337_1_fastqc.html
[2025-09-29 01:24:14,074] multiqc                                            [DEBUG  ]  File ignored by vep/vep_txt because it exceeded search pattern filesize limit: SRR27129337_1_fastqc.html
[2025-09-29 01:24:14,074] multiqc                                            [DEBUG  ]  File ignored by longranger/invocation because it exceeded search pattern filesize limit: SRR27129337_1_fastqc.html
[2025-09-29 01:24:14,074] multiqc                                            [DEBUG  ]  File ignored by rockhopper because it exceeded search pattern filesize limit: SRR27129337_1_fastqc.html
[2025-09-29 01:24:14,074] multiqc                                            [DEBUG  ]  File ignored by rseqc/bam_stat because it exceeded search pattern filesize limit: SRR27129337_1_fastqc.html
[2025-09-29 01:24:14,074] multiqc                                            [DEBUG  ]  File ignored by rseqc/junction_annotation because it exceeded search pattern filesize limit: SRR27129337_1_fastqc.html
[2025-09-29 01:24:14,074] multiqc                                            [DEBUG  ]  File ignored by rseqc/read_distribution because it exceeded search pattern filesize limit: SRR27129337_1_fastqc.html
[2025-09-29 01:24:14,074] multiqc                                            [DEBUG  ]  File ignored by rseqc/infer_experiment because it exceeded search pattern filesize limit: SRR27129337_1_fastqc.html
[2025-09-29 01:24:14,112] multiqc                                            [DEBUG  ]  File ignored by nanostat because it exceeded search pattern filesize limit: SRR27129337_1_fastqc.html
[2025-09-29 01:24:14,116] multiqc                                            [DEBUG  ]  File ignored by ccs/v4 because it exceeded search pattern filesize limit: SRR27129337_2_fastqc.html
[2025-09-29 01:24:14,116] multiqc                                            [DEBUG  ]  File ignored by hicexplorer because it exceeded search pattern filesize limit: SRR27129337_2_fastqc.html
[2025-09-29 01:24:14,116] multiqc                                            [DEBUG  ]  File ignored by lima/summary because it exceeded search pattern filesize limit: SRR27129337_2_fastqc.html
[2025-09-29 01:24:14,117] multiqc                                            [DEBUG  ]  File ignored by vep/vep_txt because it exceeded search pattern filesize limit: SRR27129337_2_fastqc.html
[2025-09-29 01:24:14,117] multiqc                                            [DEBUG  ]  File ignored by longranger/invocation because it exceeded search pattern filesize limit: SRR27129337_2_fastqc.html
[2025-09-29 01:24:14,117] multiqc                                            [DEBUG  ]  File ignored by rockhopper because it exceeded search pattern filesize limit: SRR27129337_2_fastqc.html
[2025-09-29 01:24:14,117] multiqc                                            [DEBUG  ]  File ignored by rseqc/bam_stat because it exceeded search pattern filesize limit: SRR27129337_2_fastqc.html
[2025-09-29 01:24:14,117] multiqc                                            [DEBUG  ]  File ignored by rseqc/junction_annotation because it exceeded search pattern filesize limit: SRR27129337_2_fastqc.html
[2025-09-29 01:24:14,117] multiqc                                            [DEBUG  ]  File ignored by rseqc/read_distribution because it exceeded search pattern filesize limit: SRR27129337_2_fastqc.html
[2025-09-29 01:24:14,117] multiqc                                            [DEBUG  ]  File ignored by rseqc/infer_experiment because it exceeded search pattern filesize limit: SRR27129337_2_fastqc.html
[2025-09-29 01:24:14,153] multiqc                                            [DEBUG  ]  File ignored by nanostat because it exceeded search pattern filesize limit: SRR27129337_2_fastqc.html
[2025-09-29 01:24:14,157] multiqc                                            [DEBUG  ]  File ignored by ccs/v4 because it exceeded search pattern filesize limit: SRR27129336_1_fastqc.html
[2025-09-29 01:24:14,158] multiqc                                            [DEBUG  ]  File ignored by hicexplorer because it exceeded search pattern filesize limit: SRR27129336_1_fastqc.html
[2025-09-29 01:24:14,158] multiqc                                            [DEBUG  ]  File ignored by lima/summary because it exceeded search pattern filesize limit: SRR27129336_1_fastqc.html
[2025-09-29 01:24:14,158] multiqc                                            [DEBUG  ]  File ignored by vep/vep_txt because it exceeded search pattern filesize limit: SRR27129336_1_fastqc.html
[2025-09-29 01:24:14,158] multiqc                                            [DEBUG  ]  File ignored by longranger/invocation because it exceeded search pattern filesize limit: SRR27129336_1_fastqc.html
[2025-09-29 01:24:14,158] multiqc                                            [DEBUG  ]  File ignored by rockhopper because it exceeded search pattern filesize limit: SRR27129336_1_fastqc.html
[2025-09-29 01:24:14,158] multiqc                                            [DEBUG  ]  File ignored by rseqc/bam_stat because it exceeded search pattern filesize limit: SRR27129336_1_fastqc.html
[2025-09-29 01:24:14,159] multiqc                                            [DEBUG  ]  File ignored by rseqc/junction_annotation because it exceeded search pattern filesize limit: SRR27129336_1_fastqc.html
[2025-09-29 01:24:14,159] multiqc                                            [DEBUG  ]  File ignored by rseqc/read_distribution because it exceeded search pattern filesize limit: SRR27129336_1_fastqc.html
[2025-09-29 01:24:14,159] multiqc                                            [DEBUG  ]  File ignored by rseqc/infer_experiment because it exceeded search pattern filesize limit: SRR27129336_1_fastqc.html
[2025-09-29 01:24:14,200] multiqc                                            [DEBUG  ]  File ignored by nanostat because it exceeded search pattern filesize limit: SRR27129336_1_fastqc.html
[2025-09-29 01:24:14,204] multiqc                                            [DEBUG  ]  File ignored by ccs/v4 because it exceeded search pattern filesize limit: SRR27129336_2_fastqc.html
[2025-09-29 01:24:14,205] multiqc                                            [DEBUG  ]  File ignored by hicexplorer because it exceeded search pattern filesize limit: SRR27129336_2_fastqc.html
[2025-09-29 01:24:14,205] multiqc                                            [DEBUG  ]  File ignored by lima/summary because it exceeded search pattern filesize limit: SRR27129336_2_fastqc.html
[2025-09-29 01:24:14,205] multiqc                                            [DEBUG  ]  File ignored by vep/vep_txt because it exceeded search pattern filesize limit: SRR27129336_2_fastqc.html
[2025-09-29 01:24:14,205] multiqc                                            [DEBUG  ]  File ignored by longranger/invocation because it exceeded search pattern filesize limit: SRR27129336_2_fastqc.html
[2025-09-29 01:24:14,205] multiqc                                            [DEBUG  ]  File ignored by rockhopper because it exceeded search pattern filesize limit: SRR27129336_2_fastqc.html
[2025-09-29 01:24:14,205] multiqc                                            [DEBUG  ]  File ignored by rseqc/bam_stat because it exceeded search pattern filesize limit: SRR27129336_2_fastqc.html
[2025-09-29 01:24:14,205] multiqc                                            [DEBUG  ]  File ignored by rseqc/junction_annotation because it exceeded search pattern filesize limit: SRR27129336_2_fastqc.html
[2025-09-29 01:24:14,205] multiqc                                            [DEBUG  ]  File ignored by rseqc/read_distribution because it exceeded search pattern filesize limit: SRR27129336_2_fastqc.html
[2025-09-29 01:24:14,205] multiqc                                            [DEBUG  ]  File ignored by rseqc/infer_experiment because it exceeded search pattern filesize limit: SRR27129336_2_fastqc.html
[2025-09-29 01:24:14,240] multiqc                                            [DEBUG  ]  File ignored by nanostat because it exceeded search pattern filesize limit: SRR27129336_2_fastqc.html
[2025-09-29 01:24:14,244] multiqc                                            [DEBUG  ]  File ignored by ccs/v4 because it exceeded search pattern filesize limit: SRR27129218_1_fastqc.html
[2025-09-29 01:24:14,244] multiqc                                            [DEBUG  ]  File ignored by hicexplorer because it exceeded search pattern filesize limit: SRR27129218_1_fastqc.html
[2025-09-29 01:24:14,244] multiqc                                            [DEBUG  ]  File ignored by lima/summary because it exceeded search pattern filesize limit: SRR27129218_1_fastqc.html
[2025-09-29 01:24:14,247] multiqc                                            [DEBUG  ]  File ignored by vep/vep_txt because it exceeded search pattern filesize limit: SRR27129218_1_fastqc.html
[2025-09-29 01:24:14,247] multiqc                                            [DEBUG  ]  File ignored by longranger/invocation because it exceeded search pattern filesize limit: SRR27129218_1_fastqc.html
[2025-09-29 01:24:14,247] multiqc                                            [DEBUG  ]  File ignored by rockhopper because it exceeded search pattern filesize limit: SRR27129218_1_fastqc.html
[2025-09-29 01:24:14,247] multiqc                                            [DEBUG  ]  File ignored by rseqc/bam_stat because it exceeded search pattern filesize limit: SRR27129218_1_fastqc.html
[2025-09-29 01:24:14,247] multiqc                                            [DEBUG  ]  File ignored by rseqc/junction_annotation because it exceeded search pattern filesize limit: SRR27129218_1_fastqc.html
[2025-09-29 01:24:14,247] multiqc                                            [DEBUG  ]  File ignored by rseqc/read_distribution because it exceeded search pattern filesize limit: SRR27129218_1_fastqc.html
[2025-09-29 01:24:14,247] multiqc                                            [DEBUG  ]  File ignored by rseqc/infer_experiment because it exceeded search pattern filesize limit: SRR27129218_1_fastqc.html
[2025-09-29 01:24:14,283] multiqc                                            [DEBUG  ]  File ignored by nanostat because it exceeded search pattern filesize limit: SRR27129218_1_fastqc.html
[2025-09-29 01:24:17,033] multiqc.plots.linegraph                            [DEBUG  ]  Using matplotlib version 3.5.1
[2025-09-29 01:24:17,034] multiqc.plots.bargraph                             [DEBUG  ]  Using matplotlib version 3.5.1
[2025-09-29 01:24:17,054] multiqc.modules.fastqc.fastqc                      [INFO   ]  Found 6 reports
[2025-09-29 01:24:17,154] multiqc                                            [INFO   ]  Compressing plot data
[2025-09-29 01:24:17,202] multiqc                                            [INFO   ]  Report      : multiqc/multiqc_report.html
[2025-09-29 01:24:17,202] multiqc                                            [INFO   ]  Data        : multiqc/multiqc_data
[2025-09-29 01:24:17,202] multiqc                                            [DEBUG  ]  Moving data file from '/tmp/tmpdmrqr6pz/multiqc_data' to 'multiqc/multiqc_data'
[2025-09-29 01:24:17,389] multiqc                                            [INFO   ]  MultiQC complete
